0 info it worked if it ends with ok
1 verbose cli [ '/usr/bin/nodejs', '/usr/bin/npm', 'publish' ]
2 info using npm@1.4.21
3 info using node@v0.10.25
4 verbose publish [ '.' ]
5 verbose cache add [ '.', null ]
6 verbose cache add name=undefined spec="." args=[".",null]
7 verbose parsed url { protocol: null,
7 verbose parsed url   slashes: null,
7 verbose parsed url   auth: null,
7 verbose parsed url   host: null,
7 verbose parsed url   port: null,
7 verbose parsed url   hostname: null,
7 verbose parsed url   hash: null,
7 verbose parsed url   search: null,
7 verbose parsed url   query: null,
7 verbose parsed url   pathname: '.',
7 verbose parsed url   path: '.',
7 verbose parsed url   href: '.' }
8 silly lockFile 3a52ce78- .
9 verbose lock . /home/dave/.npm/3a52ce78-.lock
10 verbose tar pack [ '/home/dave/.npm/jsonresume-theme-kate/0.0.5/package.tgz',
10 verbose tar pack   '.' ]
11 verbose tarball /home/dave/.npm/jsonresume-theme-kate/0.0.5/package.tgz
12 verbose folder .
13 info prepublish jsonresume-theme-kate@0.0.5
14 silly lockFile 1f1177db-tar tar://.
15 verbose lock tar://. /home/dave/.npm/1f1177db-tar.lock
16 silly lockFile 1db56e7d-ume-theme-kate-0-0-5-package-tgz tar:///home/dave/.npm/jsonresume-theme-kate/0.0.5/package.tgz
17 verbose lock tar:///home/dave/.npm/jsonresume-theme-kate/0.0.5/package.tgz /home/dave/.npm/1db56e7d-ume-theme-kate-0-0-5-package-tgz.lock
18 silly lockFile 1f1177db-tar tar://.
19 silly lockFile 1f1177db-tar tar://.
20 silly lockFile 1db56e7d-ume-theme-kate-0-0-5-package-tgz tar:///home/dave/.npm/jsonresume-theme-kate/0.0.5/package.tgz
21 silly lockFile 1db56e7d-ume-theme-kate-0-0-5-package-tgz tar:///home/dave/.npm/jsonresume-theme-kate/0.0.5/package.tgz
22 silly lockFile 8a8cf208-nresume-theme-kate-0-0-5-package /home/dave/.npm/jsonresume-theme-kate/0.0.5/package
23 verbose lock /home/dave/.npm/jsonresume-theme-kate/0.0.5/package /home/dave/.npm/8a8cf208-nresume-theme-kate-0-0-5-package.lock
24 silly lockFile 8a8cf208-nresume-theme-kate-0-0-5-package /home/dave/.npm/jsonresume-theme-kate/0.0.5/package
25 silly lockFile 8a8cf208-nresume-theme-kate-0-0-5-package /home/dave/.npm/jsonresume-theme-kate/0.0.5/package
26 silly lockFile 3a52ce78- .
27 silly lockFile 3a52ce78- .
28 silly publish { name: 'jsonresume-theme-kate',
28 silly publish   version: '0.0.5',
28 silly publish   description: 'A modified version of Ainsley Chong\'s onepage; a compact, printable theme for JSON Resume',
28 silly publish   author: { name: 'Dave Tacker' },
28 silly publish   repository:
28 silly publish    { type: 'git',
28 silly publish      url: 'https://github.com/kneeki/jsonresume-theme-Kate.git' },
28 silly publish   license: 'MIT',
28 silly publish   dependencies: { handlebars: '^2.0.0-alpha.4', css: '2.2.x' },
28 silly publish   bugs: { url: 'https://github.com/kneeki/jsonresume-theme-Kate/issues' },
28 silly publish   homepage: 'https://github.com/kneeki/jsonresume-theme-Kate',
28 silly publish   main: 'index.js',
28 silly publish   devDependencies: {},
28 silly publish   readme: '# jsonresume-theme-Kate\nA compact theme for JSON Resume, designed for printing. \n\nTries to fit as much information as possible onto a single page without making sections look cluttered.\n\n## Table of Contents\n\n* [Origional Work](#origional-work)\n* [Migration](#migration)\n* [Example](#example)\n* [Running](#running)\n* [Options](#options)\n* [License](#license)\n\n## Origional Work\nThis JSON resume theme is a modification of [Ainsley Chong\'s onepage](https://github.com/ainsleyc/jsonresume-theme-onepage) theme.\n\n## Example\nhttp://themes.jsonresume.org/theme/kate\n\n## Running\n\n```sh\nsudo npm install -g resume-cli\ngit clone https://github.com/kneeki/jsonresume-theme-Kate.git\ncd jsonresume-theme-kate\nresume serve\n```\nYou can print directly from the served html.\n\n## Options\n\nFor the "experience" and "skills" sections, you can optionally replace the "highlights" list with a "details" list with this format:\n\n```js\n"details": [\n  { "text": "Javascript", "comment": "expert" },\n  { "text": "Coffeescript", "comment": "expert" },\n  { "text": "Ruby", "comment": "competent" },\n  { "text": "Java", "comment": "novice" }\n]\n```\n\nSee included resume.json for more details.\n\n## License\nThe MIT License (MIT)\n\nCopyright (c) 2015 Ainsley Chong\n\nPermission is hereby granted, free of charge, to any person obtaining a copy\nof this software and associated documentation files (the "Software"), to deal\nin the Software without restriction, including without limitation the rights\nto use, copy, modify, merge, publish, distribute, sublicense, and/or sell\ncopies of the Software, and to permit persons to whom the Software is\nfurnished to do so, subject to the following conditions:\n\nThe above copyright notice and this permission notice shall be included in all\ncopies or substantial portions of the Software.\n\nTHE SOFTWARE IS PROVIDED "AS IS", WITHOUT WARRANTY OF ANY KIND, EXPRESS OR\nIMPLIED, INCLUDING BUT NOT LIMITED TO THE WARRANTIES OF MERCHANTABILITY,\nFITNESS FOR A PARTICULAR PURPOSE AND NONINFRINGEMENT. IN NO EVENT SHALL THE\nAUTHORS OR COPYRIGHT HOLDERS BE LIABLE FOR ANY CLAIM, DAMAGES OR OTHER\nLIABILITY, WHETHER IN AN ACTION OF CONTRACT, TORT OR OTHERWISE, ARISING FROM,\nOUT OF OR IN CONNECTION WITH THE SOFTWARE OR THE USE OR OTHER DEALINGS IN THE\nSOFTWARE.',
28 silly publish   readmeFilename: 'README.md',
28 silly publish   gitHead: '1ca617d3c39e1252f639f20dc6720a742d902eb1',
28 silly publish   _id: 'jsonresume-theme-kate@0.0.5',
28 silly publish   scripts: {},
28 silly publish   _shasum: 'e5eda2990e7f680c18ba0a47470e58abf6f370f2',
28 silly publish   _from: '.' }
29 verbose request where is /jsonresume-theme-kate
30 verbose request registry https://registry.npmjs.org/
31 verbose request id ed51b8cecde7dfdf
32 verbose url raw /jsonresume-theme-kate
33 verbose url resolving [ 'https://registry.npmjs.org/', './jsonresume-theme-kate' ]
34 verbose url resolved https://registry.npmjs.org/jsonresume-theme-kate
35 verbose request where is https://registry.npmjs.org/jsonresume-theme-kate
36 info trying registry request attempt 1 at 01:10:24
37 http PUT https://registry.npmjs.org/jsonresume-theme-kate
38 http 403 https://registry.npmjs.org/jsonresume-theme-kate
39 verbose headers { 'content-type': 'application/json',
39 verbose headers   'cache-control': 'max-age=300',
39 verbose headers   'content-length': '95',
39 verbose headers   'accept-ranges': 'bytes',
39 verbose headers   date: 'Sat, 09 Apr 2016 08:10:25 GMT',
39 verbose headers   via: '1.1 varnish',
39 verbose headers   connection: 'keep-alive',
39 verbose headers   'x-served-by': 'cache-sjc3133-SJC',
39 verbose headers   'x-cache': 'MISS',
39 verbose headers   'x-cache-hits': '0',
39 verbose headers   'x-timer': 'S1460189425.064291,VS0,VE299',
39 verbose headers   vary: 'Accept-Encoding' }
40 error publish Failed PUT 403
41 error Error: "You cannot publish over the previously published version 0.0.5." : jsonresume-theme-kate
41 error     at RegClient.<anonymous> (/usr/share/npm/node_modules/npm-registry-client/lib/request.js:300:14)
41 error     at Request._callback (/usr/share/npm/node_modules/npm-registry-client/lib/request.js:238:65)
41 error     at Request.self.callback (/usr/lib/nodejs/request/index.js:148:22)
41 error     at Request.EventEmitter.emit (events.js:98:17)
41 error     at Request.<anonymous> (/usr/lib/nodejs/request/index.js:896:14)
41 error     at Request.EventEmitter.emit (events.js:117:20)
41 error     at IncomingMessage.<anonymous> (/usr/lib/nodejs/request/index.js:847:12)
41 error     at IncomingMessage.EventEmitter.emit (events.js:117:20)
41 error     at _stream_readable.js:920:16
41 error     at process._tickCallback (node.js:415:13)
42 error If you need help, you may report this *entire* log,
42 error including the npm and node versions, at:
42 error     <http://github.com/npm/npm/issues>
43 error System Linux 4.2.0-35-generic
44 error command "/usr/bin/nodejs" "/usr/bin/npm" "publish"
45 error cwd /var/www/html/jsonresume-theme-Kate
46 error node -v v0.10.25
47 error npm -v 1.4.21
48 verbose exit [ 1, true ]
